logfile opened on Wed Aug 25 19:21:50 2021

...detecting CPU, found Intel Pentium III
Bypassing CD checks
----- Client Initialization -----
----- Initializing Renderer ----
-------------------------------
Loaded 57 translation strings from translations/chateau.cfg
Loaded 54 translation strings from translations/keep.cfg
Loaded 73 translation strings from translations/icelab.cfg
Loaded 6 translation strings from translations/translation-1_4.cfg
----- Client Initialization Complete -----
----- R_Init -----
Initializing OpenGL subsystem
...initializing QGL
...calling LoadLibrary( 'C:\WINDOWS\system32\opengl32.dll' ): succeeded
...setting mode -1: 1920 1080 FS
...using colorsbits of 32
...calling CDS: ok
...registered window class
...created window@0,0 (1920x1080)
Initializing OpenGL driver
...getting DC: succeeded
...GLW_ChoosePFD( 32, 24, 0 )
^3...numPFDs > MAX_PFDS (318 > 256)
...255 PFDs found
...hardware acceleration found
...PIXELFORMAT 41 selected
...creating GL context: succeeded
...making context current: succeeded
^3WARNNING: GL extensions string too long (7731), truncated to 4096
Initializing OpenGL extensions
...GL_EXT_texture_compression_s3tc not found
...GL_EXT_texture_env_add not found
...using WGL_EXT_swap_control
...using GL_ARB_multitexture
...GL_EXT_compiled_vertex_array not found
...WGL_3DFX_gamma_control not found
...GL_NV_fog_distance not found

GL_VENDOR: ATI Technologies Inc.
GL_RENDERER: Radeon RX 580 Series
GL_VERSION: 4.6.14831 Compatibility Profile Context 21.5.2 27.20.21003.8013
GL_EXTENSIONS: GL_AMDX_debug_output GL_AMD_blend_minmax_factor GL_AMD_conservative_depth GL_AMD_debug_output GL_AMD_depth_clamp_separate GL_AMD_draw_buffers_blend GL_AMD_framebuffer_sample_positions GL_AMD_gcn_shader GL_AMD_gpu_shader_half_float GL_AMD_gpu_shader_int16 GL_AMD_gpu_shader_int64 GL_AMD_interleaved_elements GL_AMD_multi_draw_indirect GL_AMD_name_gen_delete GL_AMD_occlusion_query_event GL_AMD_performance_monitor GL_AMD_pinned_memory GL_AMD_query_buffer_object GL_AMD_sample_positions GL_AMD_seamless_cubemap_per_texture GL_AMD_shader_atomic_counter_ops GL_AMD_shader_stencil_export GL_AMD_shader_stencil_value_export GL_AMD_shader_trace GL_AMD_shader_trinary_minmax GL_AMD_sparse_texture GL_AMD_sparse_texture_pool GL_AMD_stencil_operation_extended GL_AMD_texture_cube_map_array GL_AMD_texture_texture4 GL_AMD_transform_feedback3_lines_triangles GL_AMD_transform_feedback4 GL_AMD_vertex_shader_layer GL_AMD_vertex_shader_viewport_index GL_ARB_ES2_compatibility GL_ARB_ES3_1_compatibility GL_ARB_ES3_compatibility GL_ARB_arrays_of_arrays GL_ARB_base_instance GL_ARB_bindless_texture GL_ARB_blend_func_extended GL_ARB_buffer_storage GL_ARB_clear_buffer_object GL_ARB_clear_texture GL_ARB_clip_control GL_ARB_color_buffer_float GL_ARB_compatibility GL_ARB_compressed_texture_pixel_storage GL_ARB_compute_shader GL_ARB_conditional_render_inverted GL_ARB_conservative_depth GL_ARB_copy_buffer GL_ARB_copy_image GL_ARB_cull_distance GL_ARB_debug_output GL_ARB_depth_buffer_float GL_ARB_depth_clamp GL_ARB_depth_texture GL_ARB_derivative_control GL_ARB_direct_state_access GL_ARB_draw_buffers GL_ARB_draw_buffers_blend GL_ARB_draw_elements_base_vertex GL_ARB_draw_indirect GL_ARB_draw_instanced GL_ARB_enhanced_layouts GL_ARB_explicit_attrib_location GL_ARB_explicit_uniform_location GL_ARB_fragment_coord_conventions GL_ARB_fragment_layer_viewport GL_ARB_fragment_program GL_ARB_fragment_program_shadow GL_ARB_fragment_shader GL_ARB_framebuffer_no_attachments GL_ARB_framebuffer_object GL_ARB_framebuffer_sRGB GL_ARB_geometry_shader4 GL_ARB_get_program_binary GL_ARB_get_texture_sub_image GL_ARB_gl_spirv GL_ARB_gpu_shader5 GL_ARB_gpu_shader_fp64 GL_ARB_half_float_pixel GL_ARB_half_float_vertex GL_ARB_imaging GL_ARB_indirect_parameters GL_ARB_instanced_arrays GL_ARB_internalformat_query GL_ARB_internalformat_query2 GL_ARB_invalidate_subdata GL_ARB_map_buffer_alignment GL_ARB_map_buffer_range GL_ARB_multi_bind GL_ARB_multi_draw_indirect GL_ARB_multisample GL_ARB_multitexture GL_ARB_occlusion_query GL_ARB_occlusion_query2 GL_ARB_parallel_shader_compile GL_ARB_pipeline_statistics_query GL_ARB_pixel_buffer_object GL_ARB_point_parameters GL_ARB_point_sprite GL_ARB_polygon_offset_clamp GL_ARB_program_interface_query GL_ARB_provoking_vertex GL_ARB_query_buffer_object GL_ARB_robust_buffer_access_behavior GL_ARB_sample_shading GL_ARB_sampler_objects GL_ARB_seamless_cube_map GL_ARB_seamless_cubemap_per_texture GL_ARB_separate_shader_objects GL_ARB_shader_atomic_counter_ops GL_ARB_shader_atomic_counters GL_ARB_shader_ballot GL_ARB_shader_bit_encoding GL_ARB_shader_draw_parameters GL_ARB_shader_group_vote GL_ARB_shader_image_load_store GL_ARB_shader_image_size GL_ARB_shader_objects GL_ARB_shader_precision GL_ARB_shader_stencil_export GL_ARB_shader_storage_buffer_object GL_ARB_shader_subroutine GL_ARB_shader_texture_image_samples GL_ARB_shader_texture_lod GL_ARB_shader_viewport_layer_array GL_ARB_shading_language_100 GL_ARB_shading_language_420pack GL_ARB_shading_language_include GL_ARB_shading_language_packing GL_ARB_shadow GL_ARB_shadow_ambient GL_ARB_sparse_buffer GL_ARB_sparse_texture GL_ARB_spirv_extensions GL_ARB_stencil_texturing GL_ARB_sync GL_ARB_tessellation_shader GL_ARB_texture_barrier GL_ARB_texture_border_clamp GL_ARB_texture_buffer_object GL_ARB_texture_buffer_object_rgb32 GL_ARB_texture_buffer_range GL_ARB_texture_compression GL_ARB_texture_compression_bptc GL_ARB_texture_compression_rgtc GL_ARB_texture_cube_map GL_ARB_texture_cube_map_array GL_ARB_texture_env_add GL_ARB_texture_env_combine GL_ARB_texture_env_crossbar GL_ARB_texture_env_dot3 GL_уг@GL_MAX_TEXTURE_SIZE: 16384
GL_MAX_ACTIVE_TEXTURES_ARB: 8

PIXELFORMAT: color(32-bits) Z(24-bit) stencil(8-bits)
MODE: -1, 1920 x 1080 fullscreen hz:240
GAMMA: software w/ 0 overbright bits
CPU: Intel Pentium III
rendering primitives: single glDrawElements
texturemode: GL_LINEAR_MIPMAP_LINEAR
picmip: 0
texture bits: 32
multitexture: enabled
compiled vertex arrays: disabled
texenv add: disabled
compressed textures: disabled
NV distance fog: disabled
Initializing Shaders
^3WARNING: unknown general shader parameter 'map' in 'projectionShadow'
^3WARNING: expecting '{', found 'surfaceparm' instead in shader 'flareShader'
----- finished R_Init -----

------- sound initialization -------
Initializing DirectSound
DirectSound initialized successfully
------------------------------------
----- Sound Info -----
sound system is muted
    1 stereo
32768 samples
   16 samplebits
    1 submission_chunk
22050 speed
0x23ee0050 dma buffer
No background file.
----------------------
Sound memory manager started
--- Common Initialization Complete ---
Winsock Initialized
Opening IP socket: localhost:27960
WARNING: UDP_OpenSocket: bind: WSAEADDRINUSE
Opening IP socket: localhost:27961
Hostname: DESKTOP-J15OIC6
IP: 192.168.48.1
IP: 192.168.0.56
Working directory: D:\Mapping\RTCW_MAP_BREMEN
Resolving wolfmotd.idsoftware.com
Couldn't resolve address
Scanning for servers on the local network...
1 servers listed in browser with 1 players.
Resolving wolfmotd.idsoftware.com
Couldn't resolve address
192.168.0.56:27960 resolved to 192.168.0.56:27960
Current search path:
D:\Mapping\RTCW_MAP_BREMEN\osp\osp-pak01.pk3 (7 files)
D:\Mapping\RTCW_MAP_BREMEN\osp\osp-pak00.pk3 (15 files)
D:\Mapping\RTCW_MAP_BREMEN\osp\osp-bin07.pk3 (77 files)
D:\Mapping\RTCW_MAP_BREMEN/osp
D:\Mapping\RTCW_MAP_BREMEN\main\mp_pakmaps3.pk3 (83 files)
D:\Mapping\RTCW_MAP_BREMEN\main\mp_pakmaps2.pk3 (47 files)
D:\Mapping\RTCW_MAP_BREMEN\main\mp_pakmaps1.pk3 (34 files)
D:\Mapping\RTCW_MAP_BREMEN\main\mp_pak5.pk3 (77 files)
D:\Mapping\RTCW_MAP_BREMEN\main\mp_pak4.pk3 (5 files)
D:\Mapping\RTCW_MAP_BREMEN\main\mp_pak3.pk3 (76 files)
D:\Mapping\RTCW_MAP_BREMEN\main\mp_pak2.pk3 (3 files)
D:\Mapping\RTCW_MAP_BREMEN\main\mp_pak1.pk3 (308 files)
D:\Mapping\RTCW_MAP_BREMEN\main\mp_pak0.pk3 (783 files)
D:\Mapping\RTCW_MAP_BREMEN\main\mp_bin.pk3 (4 files)
D:\Mapping\RTCW_MAP_BREMEN\main\pak0.pk3 (4775 files)
D:\Mapping\RTCW_MAP_BREMEN\main\lights.pk3 (51 files)
D:\Mapping\RTCW_MAP_BREMEN\main\common-astro-spog.pk3 (80 files)
D:\Mapping\RTCW_MAP_BREMEN\main\astro-skies.pk3 (11 files)
D:\Mapping\RTCW_MAP_BREMEN/main

handle 1: rtcwconsole.log
----------------------
12773 files in pk3 files
RE_Shutdown( 0 )
Hunk_Clear: reset the hunk ok
----- R_Init -----

GL_VENDOR: ATI Technologies Inc.
GL_RENDERER: Radeon RX 580 Series
GL_VERSION: 4.6.14831 Compatibility Profile Context 21.5.2 27.20.21003.8013
GL_EXTENSIONS: GL_AMDX_debug_output GL_AMD_blend_minmax_factor GL_AMD_conservative_depth GL_AMD_debug_output GL_AMD_depth_clamp_separate GL_AMD_draw_buffers_blend GL_AMD_framebuffer_sample_positions GL_AMD_gcn_shader GL_AMD_gpu_shader_half_float GL_AMD_gpu_shader_int16 GL_AMD_gpu_shader_int64 GL_AMD_interleaved_elements GL_AMD_multi_draw_indirect GL_AMD_name_gen_delete GL_AMD_occlusion_query_event GL_AMD_performance_monitor GL_AMD_pinned_memory GL_AMD_query_buffer_object GL_AMD_sample_positions GL_AMD_seamless_cubemap_per_texture GL_AMD_shader_atomic_counter_ops GL_AMD_shader_stencil_export GL_AMD_shader_stencil_value_export GL_AMD_shader_trace GL_AMD_shader_trinary_minmax GL_AMD_sparse_texture GL_AMD_sparse_texture_pool GL_AMD_stencil_operation_extended GL_AMD_texture_cube_map_array GL_AMD_texture_texture4 GL_AMD_transform_feedback3_lines_triangles GL_AMD_transform_feedback4 GL_AMD_vertex_shader_layer GL_AMD_vertex_shader_viewport_index GL_ARB_ES2_compatibility GL_ARB_ES3_1_compatibility GL_ARB_ES3_compatibility GL_ARB_arrays_of_arrays GL_ARB_base_instance GL_ARB_bindless_texture GL_ARB_blend_func_extended GL_ARB_buffer_storage GL_ARB_clear_buffer_object GL_ARB_clear_texture GL_ARB_clip_control GL_ARB_color_buffer_float GL_ARB_compatibility GL_ARB_compressed_texture_pixel_storage GL_ARB_compute_shader GL_ARB_conditional_render_inverted GL_ARB_conservative_depth GL_ARB_copy_buffer GL_ARB_copy_image GL_ARB_cull_distance GL_ARB_debug_output GL_ARB_depth_buffer_float GL_ARB_depth_clamp GL_ARB_depth_texture GL_ARB_derivative_control GL_ARB_direct_state_access GL_ARB_draw_buffers GL_ARB_draw_buffers_blend GL_ARB_draw_elements_base_vertex GL_ARB_draw_indirect GL_ARB_draw_instanced GL_ARB_enhanced_layouts GL_ARB_explicit_attrib_location GL_ARB_explicit_uniform_location GL_ARB_fragment_coord_conventions GL_ARB_fragment_layer_viewport GL_ARB_fragment_program GL_ARB_fragment_program_shadow GL_ARB_fragment_shader GL_ARB_framebuffer_no_attachments GL_ARB_framebuffer_object GL_ARB_framebuffer_sRGB GL_ARB_geometry_shader4 GL_ARB_get_program_binary GL_ARB_get_texture_sub_image GL_ARB_gl_spirv GL_ARB_gpu_shader5 GL_ARB_gpu_shader_fp64 GL_ARB_half_float_pixel GL_ARB_half_float_vertex GL_ARB_imaging GL_ARB_indirect_parameters GL_ARB_instanced_arrays GL_ARB_internalformat_query GL_ARB_internalformat_query2 GL_ARB_invalidate_subdata GL_ARB_map_buffer_alignment GL_ARB_map_buffer_range GL_ARB_multi_bind GL_ARB_multi_draw_indirect GL_ARB_multisample GL_ARB_multitexture GL_ARB_occlusion_query GL_ARB_occlusion_query2 GL_ARB_parallel_shader_compile GL_ARB_pipeline_statistics_query GL_ARB_pixel_buffer_object GL_ARB_point_parameters GL_ARB_point_sprite GL_ARB_polygon_offset_clamp GL_ARB_program_interface_query GL_ARB_provoking_vertex GL_ARB_query_buffer_object GL_ARB_robust_buffer_access_behavior GL_ARB_sample_shading GL_ARB_sampler_objects GL_ARB_seamless_cube_map GL_ARB_seamless_cubemap_per_texture GL_ARB_separate_shader_objects GL_ARB_shader_atomic_counter_ops GL_ARB_shader_atomic_counters GL_ARB_shader_ballot GL_ARB_shader_bit_encoding GL_ARB_shader_draw_parameters GL_ARB_shader_group_vote GL_ARB_shader_image_load_store GL_ARB_shader_image_size GL_ARB_shader_objects GL_ARB_shader_precision GL_ARB_shader_stencil_export GL_ARB_shader_storage_buffer_object GL_ARB_shader_subroutine GL_ARB_shader_texture_image_samples GL_ARB_shader_texture_lod GL_ARB_shader_viewport_layer_array GL_ARB_shading_language_100 GL_ARB_shading_language_420pack GL_ARB_shading_language_include GL_ARB_shading_language_packing GL_ARB_shadow GL_ARB_shadow_ambient GL_ARB_sparse_buffer GL_ARB_sparse_texture GL_ARB_spirv_extensions GL_ARB_stencil_texturing GL_ARB_sync GL_ARB_tessellation_shader GL_ARB_texture_barrier GL_ARB_texture_border_clamp GL_ARB_texture_buffer_object GL_ARB_texture_buffer_object_rgb32 GL_ARB_texture_buffer_range GL_ARB_texture_compression GL_ARB_texture_compression_bptc GL_ARB_texture_compression_rgtc GL_ARB_texture_cube_map GL_ARB_texture_cube_map_array GL_ARB_texture_env_add GL_ARB_texture_env_combine GL_ARB_texture_env_crossbar GL_ARB_texture_env_dot3 GL_уг@GL_MAX_TEXTURE_SIZE: 16384
GL_MAX_ACTIVE_TEXTURES_ARB: 8

PIXELFORMAT: color(32-bits) Z(24-bit) stencil(8-bits)
MODE: -1, 1920 x 1080 fullscreen hz:240
GAMMA: software w/ 0 overbright bits
CPU: Intel Pentium III
rendering primitives: single glDrawElements
texturemode: GL_LINEAR_MIPMAP_LINEAR
picmip: 0
texture bits: 32
multitexture: enabled
compiled vertex arrays: disabled
texenv add: disabled
compressed textures: disabled
NV distance fog: disabled
Initializing Shaders
----- finished R_Init -----
LOADING... collision map
LOADING... sounds
voice chat memory size = 0

.........................
Initializing Sound Scripts
...loading 'sound/scripts/cutscene1.sounds'
...loading 'sound/scripts/cutscene6.sounds'
...loading 'sound/scripts/cutscene9.sounds'
...loading 'sound/scripts/cutscene11.sounds'
...loading 'sound/scripts/cutscene14.sounds'
...loading 'sound/scripts/cutscene19.sounds'
...loading 'sound/scripts/escape1.sounds'
...loading 'sound/scripts/escape2.sounds'
...loading 'sound/scripts/tram.sounds'
...loading 'sound/scripts/village1.sounds'
...loading 'sound/scripts/crypt1.sounds'
...loading 'sound/scripts/crypt2.sounds'
...loading 'sound/scripts/church.sounds'
...loading 'sound/scripts/boss1.sounds'
...loading 'sound/scripts/forest.sounds'
...loading 'sound/scripts/rocket.sounds'
...loading 'sound/scripts/assault.sounds'
...loading 'sound/scripts/sfm.sounds'
...loading 'sound/scripts/factory.sounds'
...loading 'sound/scripts/trainyard.sounds'
...loading 'sound/scripts/swf.sounds'
...loading 'sound/scripts/norway.sounds'
...loading 'sound/scripts/xlabs.sounds'
...loading 'sound/scripts/boss2.sounds'
...loading 'sound/scripts/dam.sounds'
...loading 'sound/scripts/village2.sounds'
...loading 'sound/scripts/chateau.sounds'
...loading 'sound/scripts/dark.sounds'
...loading 'sound/scripts/castle.sounds'
...loading 'sound/scripts/end.sounds'
...loading 'sound/scripts/ai.sounds'
...loading 'sound/scripts/general.sounds'
...loading 'sound/scripts/combat.sounds'
...loading 'sound/scripts/movers.sounds'
done.
LOADING... graphics
LOADING... maps/te_bremen_a2.bsp
stitched 24 LoD cracks
...loaded 7607 faces, 78 meshes, 121 trisurfs, 0 flares
^3WARNING: light grid mismatch
LOADING... entities
LOADING... game media
LOADING...  - textures
LOADING...  - models
LOADING...  - weapons
LOADING...  - items
LOADING...  - inline models
LOADING...  - server models
LOADING...  - particles
LOADING...  - game media done
LOADING... flamechunks
LOADING... clients
LOADING... WolfPlayer
LOADING... WolfPlayer
UI menu load time = 1 milli seconds
^3
***
*** !!! Loaded: OSP for Wolfenstein !!!
*** !!! Client Version: 0.9 (Jan  7 2004) !!!
***
[skipnotify]Current time: ^319:21:55 (25 Aug 2021)
CL_InitCGame:  0.76 seconds
131 msec to draw all images
Com_TouchMemory: 0 msec
execing wolfconfig_mp.cfg
usage: seta <variable> <value>
r_ext_gamma_control will be changed upon restarting.
r_roundImagesDown will be changed upon restarting.
r_stencilbits will be changed upon restarting.
r_overBrightBits will be changed upon restarting.
r_ignoreFastPath will be changed upon restarting.
RE_Shutdown( 1 )
Shutting down OpenGL subsystem
...wglMakeCurrent( NULL, NULL ): success
...deleting GL context: success
...releasing DC: success
...destroying window
...resetting display
...shutting down QGL
...unloading OpenGL DLL
Hunk_Clear: reset the hunk ok
----- Initializing Renderer ----
-------------------------------
----- R_Init -----
Initializing OpenGL subsystem
...initializing QGL
...calling LoadLibrary( 'C:\WINDOWS\system32\opengl32.dll' ): succeeded
...setting mode -1: 1920 1080 W
...created window@8,0 (1926x1109)
Initializing OpenGL driver
...getting DC: succeeded
...GLW_ChoosePFD( 32, 24, 24 )
^3...numPFDs > MAX_PFDS (318 > 256)
...255 PFDs found
...hardware acceleration found
...PIXELFORMAT 11 selected
...creating GL context: succeeded
...making context current: succeeded
^3WARNNING: GL extensions string too long (7731), truncated to 4096
Initializing OpenGL extensions
...GL_EXT_texture_compression_s3tc not found
...GL_EXT_texture_env_add not found
...using WGL_EXT_swap_control
...using GL_ARB_multitexture
...GL_EXT_compiled_vertex_array not found
...WGL_3DFX_gamma_control not found
...GL_NV_fog_distance not found

GL_VENDOR: ATI Technologies Inc.
GL_RENDERER: Radeon RX 580 Series
GL_VERSION: 4.6.14831 Compatibility Profile Context 21.5.2 27.20.21003.8013
GL_EXTENSIONS: GL_AMDX_debug_output GL_AMD_blend_minmax_factor GL_AMD_conservative_depth GL_AMD_debug_output GL_AMD_depth_clamp_separate GL_AMD_draw_buffers_blend GL_AMD_framebuffer_sample_positions GL_AMD_gcn_shader GL_AMD_gpu_shader_half_float GL_AMD_gpu_shader_int16 GL_AMD_gpu_shader_int64 GL_AMD_interleaved_elements GL_AMD_multi_draw_indirect GL_AMD_name_gen_delete GL_AMD_occlusion_query_event GL_AMD_performance_monitor GL_AMD_pinned_memory GL_AMD_query_buffer_object GL_AMD_sample_positions GL_AMD_seamless_cubemap_per_texture GL_AMD_shader_atomic_counter_ops GL_AMD_shader_stencil_export GL_AMD_shader_stencil_value_export GL_AMD_shader_trace GL_AMD_shader_trinary_minmax GL_AMD_sparse_texture GL_AMD_sparse_texture_pool GL_AMD_stencil_operation_extended GL_AMD_texture_cube_map_array GL_AMD_texture_texture4 GL_AMD_transform_feedback3_lines_triangles GL_AMD_transform_feedback4 GL_AMD_vertex_shader_layer GL_AMD_vertex_shader_viewport_index GL_ARB_ES2_compatibility GL_ARB_ES3_1_compatibility GL_ARB_ES3_compatibility GL_ARB_arrays_of_arrays GL_ARB_base_instance GL_ARB_bindless_texture GL_ARB_blend_func_extended GL_ARB_buffer_storage GL_ARB_clear_buffer_object GL_ARB_clear_texture GL_ARB_clip_control GL_ARB_color_buffer_float GL_ARB_compatibility GL_ARB_compressed_texture_pixel_storage GL_ARB_compute_shader GL_ARB_conditional_render_inverted GL_ARB_conservative_depth GL_ARB_copy_buffer GL_ARB_copy_image GL_ARB_cull_distance GL_ARB_debug_output GL_ARB_depth_buffer_float GL_ARB_depth_clamp GL_ARB_depth_texture GL_ARB_derivative_control GL_ARB_direct_state_access GL_ARB_draw_buffers GL_ARB_draw_buffers_blend GL_ARB_draw_elements_base_vertex GL_ARB_draw_indirect GL_ARB_draw_instanced GL_ARB_enhanced_layouts GL_ARB_explicit_attrib_location GL_ARB_explicit_uniform_location GL_ARB_fragment_coord_conventions GL_ARB_fragment_layer_viewport GL_ARB_fragment_program GL_ARB_fragment_program_shadow GL_ARB_fragment_shader GL_ARB_framebuffer_no_attachments GL_ARB_framebuffer_object GL_ARB_framebuffer_sRGB GL_ARB_geometry_shader4 GL_ARB_get_program_binary GL_ARB_get_texture_sub_image GL_ARB_gl_spirv GL_ARB_gpu_shader5 GL_ARB_gpu_shader_fp64 GL_ARB_half_float_pixel GL_ARB_half_float_vertex GL_ARB_imaging GL_ARB_indirect_parameters GL_ARB_instanced_arrays GL_ARB_internalformat_query GL_ARB_internalformat_query2 GL_ARB_invalidate_subdata GL_ARB_map_buffer_alignment GL_ARB_map_buffer_range GL_ARB_multi_bind GL_ARB_multi_draw_indirect GL_ARB_multisample GL_ARB_multitexture GL_ARB_occlusion_query GL_ARB_occlusion_query2 GL_ARB_parallel_shader_compile GL_ARB_pipeline_statistics_query GL_ARB_pixel_buffer_object GL_ARB_point_parameters GL_ARB_point_sprite GL_ARB_polygon_offset_clamp GL_ARB_program_interface_query GL_ARB_provoking_vertex GL_ARB_query_buffer_object GL_ARB_robust_buffer_access_behavior GL_ARB_sample_shading GL_ARB_sampler_objects GL_ARB_seamless_cube_map GL_ARB_seamless_cubemap_per_texture GL_ARB_separate_shader_objects GL_ARB_shader_atomic_counter_ops GL_ARB_shader_atomic_counters GL_ARB_shader_ballot GL_ARB_shader_bit_encoding GL_ARB_shader_draw_parameters GL_ARB_shader_group_vote GL_ARB_shader_image_load_store GL_ARB_shader_image_size GL_ARB_shader_objects GL_ARB_shader_precision GL_ARB_shader_stencil_export GL_ARB_shader_storage_buffer_object GL_ARB_shader_subroutine GL_ARB_shader_texture_image_samples GL_ARB_shader_texture_lod GL_ARB_shader_viewport_layer_array GL_ARB_shading_language_100 GL_ARB_shading_language_420pack GL_ARB_shading_language_include GL_ARB_shading_language_packing GL_ARB_shadow GL_ARB_shadow_ambient GL_ARB_sparse_buffer GL_ARB_sparse_texture GL_ARB_spirv_extensions GL_ARB_stencil_texturing GL_ARB_sync GL_ARB_tessellation_shader GL_ARB_texture_barrier GL_ARB_texture_border_clamp GL_ARB_texture_buffer_object GL_ARB_texture_buffer_object_rgb32 GL_ARB_texture_buffer_range GL_ARB_texture_compression GL_ARB_texture_compression_bptc GL_ARB_texture_compression_rgtc GL_ARB_texture_cube_map GL_ARB_texture_cube_map_array GL_ARB_texture_env_add GL_ARB_texture_env_combine GL_ARB_texture_env_crossbar GL_ARB_texture_env_dot3 GL_уг@GL_MAX_TEXTURE_SIZE: 16384
GL_MAX_ACTIVE_TEXTURES_ARB: 8

PIXELFORMAT: color(32-bits) Z(24-bit) stencil(8-bits)
MODE: -1, 1920 x 1080 windowed hz:240
GAMMA: software w/ 0 overbright bits
CPU: Intel Pentium III
rendering primitives: single glDrawElements
texturemode: GL_LINEAR_MIPMAP_LINEAR
picmip: 0
texture bits: 32
multitexture: enabled
compiled vertex arrays: disabled
texenv add: disabled
compressed textures: disabled
NV distance fog: disabled
Initializing Shaders
^3WARNING: unknown general shader parameter 'map' in 'projectionShadow'
^3WARNING: expecting '{', found 'surfaceparm' instead in shader 'flareShader'
----- finished R_Init -----
LOADING... collision map
LOADING... sounds
voice chat memory size = 0

.........................
Initializing Sound Scripts
...loading 'sound/scripts/cutscene1.sounds'
...loading 'sound/scripts/cutscene6.sounds'
...loading 'sound/scripts/cutscene9.sounds'
...loading 'sound/scripts/cutscene11.sounds'
...loading 'sound/scripts/cutscene14.sounds'
...loading 'sound/scripts/cutscene19.sounds'
...loading 'sound/scripts/escape1.sounds'
...loading 'sound/scripts/escape2.sounds'
...loading 'sound/scripts/tram.sounds'
...loading 'sound/scripts/village1.sounds'
...loading 'sound/scripts/crypt1.sounds'
...loading 'sound/scripts/crypt2.sounds'
...loading 'sound/scripts/church.sounds'
...loading 'sound/scripts/boss1.sounds'
...loading 'sound/scripts/forest.sounds'
...loading 'sound/scripts/rocket.sounds'
...loading 'sound/scripts/assault.sounds'
...loading 'sound/scripts/sfm.sounds'
...loading 'sound/scripts/factory.sounds'
...loading 'sound/scripts/trainyard.sounds'
...loading 'sound/scripts/swf.sounds'
...loading 'sound/scripts/norway.sounds'
...loading 'sound/scripts/xlabs.sounds'
...loading 'sound/scripts/boss2.sounds'
...loading 'sound/scripts/dam.sounds'
...loading 'sound/scripts/village2.sounds'
...loading 'sound/scripts/chateau.sounds'
...loading 'sound/scripts/dark.sounds'
...loading 'sound/scripts/castle.sounds'
...loading 'sound/scripts/end.sounds'
...loading 'sound/scripts/ai.sounds'
...loading 'sound/scripts/general.sounds'
...loading 'sound/scripts/combat.sounds'
...loading 'sound/scripts/movers.sounds'
done.
LOADING... graphics
LOADING... maps/te_bremen_a2.bsp
stitched 24 LoD cracks
...loaded 7607 faces, 78 meshes, 121 trisurfs, 0 flares
^3WARNING: light grid mismatch
LOADING... entities
LOADING... game media
LOADING...  - textures
LOADING...  - models
LOADING...  - weapons
LOADING...  - items
LOADING...  - inline models
LOADING...  - server models
LOADING...  - particles
LOADING...  - game media done
LOADING... flamechunks
LOADING... clients
LOADING... WolfPlayer
LOADING... WolfPlayer
UI menu load time = 2 milli seconds
^3
***
*** !!! Loaded: OSP for Wolfenstein !!!
*** !!! Client Version: 0.9 (Jan  7 2004) !!!
***
[skipnotify]Current time: ^319:21:57 (25 Aug 2021)
CL_InitCGame:  0.72 seconds
123 msec to draw all images
Com_TouchMemory: 0 msec
[skipnotify]noclip ON[skipnotify]noclip OFF[skipnotify]*** ^3INFO: ^5Allies capture the Ruins Flag!
[skipnotify]unknown cmd forcetapout
[skipnotify]WolfPlayer^7 killed himself.
^3[ ^7AUTO ^3] 
[skipnotify]WolfPlayer^7 killed himself.
[skipnotify]Welcome to ^3OSP for Wolfenstein v(0.9)
^5http://www.OrangeSmoothie.org
[skipnotify]*** ^3INFO: ^5Axis reclaim the Ruins Flag!
[skipnotify]WolfPlayer^7 killed himself.
[skipnotify]unknown cmd forcetapout
[skipnotify]WolfPlayer^7 killed himself.
^3[ ^7AUTO ^3] 
[skipnotify]noclip ON[skipnotify]noclip OFF[skipnotify]*** ^3INFO: ^5Dynamite planted near the Main Gate!
^3[ ^7AUTO ^3] 
[skipnotify]*** ^3INFO: ^5Main Gate breached!
[skipnotify]*** ^3INFO: ^5Allies capture the Ruins Flag!
[skipnotify]unknown cmd forcetapout
[skipnotify]WolfPlayer^7 killed himself.
^3[ ^7AUTO ^3] 
[skipnotify]unknown cmd forcetapout
[skipnotify]WolfPlayer^7 killed himself.
^3[ ^7AUTO ^3] 
^3[ ^7AXIS ^3] 
[skipnotify]unknown cmd forcetapout
[skipnotify]WolfPlayer^7 killed himself.
^3[ ^7ALLIES ^3] 
[skipnotify]unknown cmd forcetapout
[skipnotify]WolfPlayer^7 killed himself.
^3[ ^7AUTO ^3] 
[skipnotify]unknown cmd forcetapout
[skipnotify]WolfPlayer^7 killed himself.
^3[ ^7BARRACKS ^3] 
[skipnotify]unknown cmd forcetapout
[skipnotify]WolfPlayer^7 killed himself.
^3[ ^7HILL ^3] 
[skipnotify]unknown cmd forcetapout
[skipnotify]WolfPlayer^7 killed himself.
[skipnotify]unknown cmd forcetapout
[skipnotify]WolfPlayer^7 killed himself.
^3[ ^7AUTO ^3] 
[skipnotify]unknown cmd forcetapout
[skipnotify]WolfPlayer^7 killed himself.
^3[ ^7AUTO ^3] 
[skipnotify]WolfPlayer^7 killed himself.
[skipnotify]WolfPlayer^7 killed himself.
[skipnotify]WolfPlayer^7 killed himself.
[skipnotify]WolfPlayer^7 killed himself.
[skipnotify]WolfPlayer^7 killed himself.
----- CL_Shutdown -----
RE_Shutdown( 1 )
Shutting down OpenGL subsystem
...wglMakeCurrent( NULL, NULL ): success
...deleting GL context: success
...releasing DC: failed
...shutting down QGL
...unloading OpenGL DLL
-----------------------
